[debug] [2025-11-18T16:29:29.152Z] ----------------------------------------------------------------------
[debug] [2025-11-18T16:29:29.154Z] Command:       C:\Program Files\nodejs\node.exe C:\Users\antho\AppData\Roaming\npm\node_modules\firebase-tools\lib\bin\firebase.js emulators:start
[debug] [2025-11-18T16:29:29.155Z] CLI Version:   14.25.0
[debug] [2025-11-18T16:29:29.155Z] Platform:      win32
[debug] [2025-11-18T16:29:29.155Z] Node Version:  v22.18.0
[debug] [2025-11-18T16:29:29.155Z] Time:          Tue Nov 18 2025 17:29:29 GMT+0100 (heure normale d’Europe centrale)
[debug] [2025-11-18T16:29:29.156Z] ----------------------------------------------------------------------
[debug] 
[debug] [2025-11-18T16:29:29.462Z] > command requires scopes: ["email","openid","https://www.googleapis.com/auth/cloudplatformprojects.readonly","https://www.googleapis.com/auth/firebase","https://www.googleapis.com/auth/cloud-platform"]
[debug] [2025-11-18T16:29:29.463Z] > authorizing via signed-in user (anthony.de.vreese22@gmail.com)
[debug] [2025-11-18T16:29:29.608Z] java version "17.0.4.1" 2022-08-18 LTS

[debug] [2025-11-18T16:29:29.609Z] Java(TM) SE Runtime Environment (build 17.0.4.1+1-LTS-2)
Java HotSpot(TM) 64-Bit Server VM (build 17.0.4.1+1-LTS-2, mixed mode, sharing)

[debug] [2025-11-18T16:29:29.632Z] Parsed Java major version: 17
[warn] !!  emulators: firebase-tools will drop support for Java version < 21 soon in firebase-tools@15. Please install a JDK at version 21 or above to get a compatible runtime. 
[info] i  emulators: Starting emulators: functions, firestore, extensions {"metadata":{"emulator":{"name":"hub"},"message":"Starting emulators: functions, firestore, extensions"}}
[debug] [2025-11-18T16:29:29.637Z] Checked if tokens are valid: true, expires at: 1763486804149
[debug] [2025-11-18T16:29:29.637Z] Checked if tokens are valid: true, expires at: 1763486804149
[debug] [2025-11-18T16:29:29.639Z] >>> [apiv2][query] GET https://cloudresourcemanager.googleapis.com/v1/projects/news-app-api-vinci [none]
[debug] [2025-11-18T16:29:30.463Z] <<< [apiv2][status] GET https://cloudresourcemanager.googleapis.com/v1/projects/news-app-api-vinci 200
[debug] [2025-11-18T16:29:30.463Z] <<< [apiv2][body] GET https://cloudresourcemanager.googleapis.com/v1/projects/news-app-api-vinci {"projectNumber":"118445075960","projectId":"news-app-api-vinci","lifecycleState":"ACTIVE","name":"news-app-api-vinci","labels":{"firebase":"enabled","firebase-core":"disabled"},"createTime":"2025-11-14T12:38:37.131854Z"}
[debug] [2025-11-18T16:29:30.480Z] [logging] Logging Emulator only supports listening on one address (127.0.0.1). Not listening on ::1
[debug] [2025-11-18T16:29:30.480Z] [firestore] Firestore Emulator only supports listening on one address (127.0.0.1). Not listening on ::1
[debug] [2025-11-18T16:29:30.480Z] [firestore.websocket] websocket server for firestore only supports listening on one address (127.0.0.1). Not listening on ::1
[debug] [2025-11-18T16:29:30.481Z] assigned listening specs for emulators {"user":{"hub":[{"address":"127.0.0.1","family":"IPv4","port":4400},{"address":"::1","family":"IPv6","port":4400}],"ui":[{"address":"127.0.0.1","family":"IPv4","port":4000},{"address":"::1","family":"IPv6","port":4000}],"logging":[{"address":"127.0.0.1","family":"IPv4","port":4500}],"firestore":[{"address":"127.0.0.1","family":"IPv4","port":9099}],"firestore.websocket":[{"address":"127.0.0.1","family":"IPv4","port":9150}]},"metadata":{"message":"assigned listening specs for emulators"}}
[debug] [2025-11-18T16:29:30.486Z] Emulator locator file path: C:\Users\antho\AppData\Local\Temp\hub-news-app-api-vinci.json
[debug] [2025-11-18T16:29:30.486Z] [hub] writing locator at C:\Users\antho\AppData\Local\Temp\hub-news-app-api-vinci.json
[debug] [2025-11-18T16:29:30.499Z] [Extensions] Started Extensions emulator, this is a noop.
[debug] [2025-11-18T16:29:30.505Z] [functions] Functions Emulator only supports listening on one address (127.0.0.1). Not listening on ::1
[debug] [2025-11-18T16:29:30.505Z] [eventarc] Eventarc Emulator only supports listening on one address (127.0.0.1). Not listening on ::1
[debug] [2025-11-18T16:29:30.505Z] [tasks] Cloud Tasks Emulator only supports listening on one address (127.0.0.1). Not listening on ::1
[debug] [2025-11-18T16:29:30.505Z] late-assigned ports for functions and eventarc emulators {"user":{"hub":[{"address":"127.0.0.1","family":"IPv4","port":4400},{"address":"::1","family":"IPv6","port":4400}],"ui":[{"address":"127.0.0.1","family":"IPv4","port":4000},{"address":"::1","family":"IPv6","port":4000}],"logging":[{"address":"127.0.0.1","family":"IPv4","port":4500}],"firestore":[{"address":"127.0.0.1","family":"IPv4","port":9099}],"firestore.websocket":[{"address":"127.0.0.1","family":"IPv4","port":9150}],"functions":[{"address":"127.0.0.1","family":"IPv4","port":5001}],"eventarc":[{"address":"127.0.0.1","family":"IPv4","port":9299}],"tasks":[{"address":"127.0.0.1","family":"IPv4","port":9499}]},"metadata":{"message":"late-assigned ports for functions and eventarc emulators"}}
[warn] !  functions: The following emulators are not running, calls to these services from the Functions emulator will affect production: apphosting, auth, database, hosting, pubsub, storage, dataconnect {"metadata":{"emulator":{"name":"functions"},"message":"The following emulators are not running, calls to these services from the Functions emulator will affect production: \u001b[1mapphosting, auth, database, hosting, pubsub, storage, dataconnect\u001b[22m"}}
[debug] [2025-11-18T16:29:30.525Z] defaultcredentials: writing to file C:\Users\antho\AppData\Roaming\firebase\anthony_de.vreese22_gmail.com_application_default_credentials.json
[debug] [2025-11-18T16:29:30.527Z] Setting GAC to C:\Users\antho\AppData\Roaming\firebase\anthony_de.vreese22_gmail.com_application_default_credentials.json {"metadata":{"emulator":{"name":"functions"},"message":"Setting GAC to C:\\Users\\antho\\AppData\\Roaming\\firebase\\anthony_de.vreese22_gmail.com_application_default_credentials.json"}}
[debug] [2025-11-18T16:29:30.527Z] Checked if tokens are valid: true, expires at: 1763486804149
[debug] [2025-11-18T16:29:30.527Z] Checked if tokens are valid: true, expires at: 1763486804149
[debug] [2025-11-18T16:29:30.528Z] >>> [apiv2][query] GET https://firebase.googleapis.com/v1beta1/projects/news-app-api-vinci/adminSdkConfig [none]
[debug] [2025-11-18T16:29:30.871Z] <<< [apiv2][status] GET https://firebase.googleapis.com/v1beta1/projects/news-app-api-vinci/adminSdkConfig 200
[debug] [2025-11-18T16:29:30.871Z] <<< [apiv2][body] GET https://firebase.googleapis.com/v1beta1/projects/news-app-api-vinci/adminSdkConfig {"projectId":"news-app-api-vinci","storageBucket":"news-app-api-vinci.firebasestorage.app"}
[warn] !  firestore: Cloud Firestore Emulator does not support multiple databases yet. {"metadata":{"emulator":{"name":"firestore"},"message":"Cloud Firestore Emulator does not support multiple databases yet."}}
[warn] !  firestore: Did not find a Cloud Firestore rules file specified in a firebase.json config file. {"metadata":{"emulator":{"name":"firestore"},"message":"Did not find a Cloud Firestore rules file specified in a firebase.json config file."}}
[warn] !  firestore: The emulator will default to allowing all reads and writes. Learn more about this option: https://firebase.google.com/docs/emulator-suite/install_and_configure#security_rules_configuration. {"metadata":{"emulator":{"name":"firestore"},"message":"The emulator will default to allowing all reads and writes. Learn more about this option: https://firebase.google.com/docs/emulator-suite/install_and_configure#security_rules_configuration."}}
[debug] [2025-11-18T16:29:30.893Z] Ignoring unsupported arg: auto_download {"metadata":{"emulator":{"name":"firestore"},"message":"Ignoring unsupported arg: auto_download"}}
[debug] [2025-11-18T16:29:30.894Z] Ignoring unsupported arg: single_project_mode_error {"metadata":{"emulator":{"name":"firestore"},"message":"Ignoring unsupported arg: single_project_mode_error"}}
[debug] [2025-11-18T16:29:30.894Z] Starting Firestore Emulator with command {"binary":"java","args":["-Dgoogle.cloud_firestore.debug_log_level=FINE","-Duser.language=en","-jar","C:\\Users\\antho\\.cache\\firebase\\emulators\\cloud-firestore-emulator-v1.19.8.jar","--host","127.0.0.1","--port",9099,"--websocket_port",9150,"--project_id","news-app-api-vinci","--single_project_mode",true,"--functions_emulator","127.0.0.1:5001"],"optionalArgs":["port","webchannel_port","host","rules","websocket_port","functions_emulator","seed_from_export","project_id","single_project_mode"],"joinArgs":false,"shell":false,"port":9099} {"metadata":{"emulator":{"name":"firestore"},"message":"Starting Firestore Emulator with command {\"binary\":\"java\",\"args\":[\"-Dgoogle.cloud_firestore.debug_log_level=FINE\",\"-Duser.language=en\",\"-jar\",\"C:\\\\Users\\\\antho\\\\.cache\\\\firebase\\\\emulators\\\\cloud-firestore-emulator-v1.19.8.jar\",\"--host\",\"127.0.0.1\",\"--port\",9099,\"--websocket_port\",9150,\"--project_id\",\"news-app-api-vinci\",\"--single_project_mode\",true,\"--functions_emulator\",\"127.0.0.1:5001\"],\"optionalArgs\":[\"port\",\"webchannel_port\",\"host\",\"rules\",\"websocket_port\",\"functions_emulator\",\"seed_from_export\",\"project_id\",\"single_project_mode\"],\"joinArgs\":false,\"shell\":false,\"port\":9099}"}}
[info] i  firestore: Firestore Emulator logging to firestore-debug.log {"metadata":{"emulator":{"name":"firestore"},"message":"Firestore Emulator logging to \u001b[1mfirestore-debug.log\u001b[22m"}}
[info] +  firestore: Firestore Emulator UI websocket is running on 9150. {"metadata":{"emulator":{"name":"firestore"},"message":"Firestore Emulator UI websocket is running on 9150."}}
[debug] [2025-11-18T16:29:33.707Z] [Extensions] Connecting Extensions emulator, this is a noop.
[info] i  functions: Watching "C:\Users\antho\Downloads\web3\projet2025\projet-web3\backend\functions" for Cloud Functions... {"metadata":{"emulator":{"name":"functions"},"message":"Watching \"C:\\Users\\antho\\Downloads\\web3\\projet2025\\projet-web3\\backend\\functions\" for Cloud Functions..."}}
[debug] [2025-11-18T16:29:33.743Z] Validating nodejs source
[warn] !  functions: package.json indicates an outdated version of firebase-functions. Please upgrade using npm install --save firebase-functions@latest in your functions directory. 
[warn] !  functions: Please note that there will be breaking changes when you upgrade. 
[debug] [2025-11-18T16:29:34.875Z] > [functions] package.json contents: {
  "name": "functions",
  "scripts": {
    "lint": "eslint --ext .js,.ts .",
    "build": "tsc",
    "build:watch": "tsc --watch",
    "serve": "npm run build && firebase emulators:start --only functions",
    "shell": "npm run build && firebase functions:shell",
    "start": "npm run shell",
    "deploy": "firebase deploy --only functions",
    "logs": "firebase functions:log"
  },
  "engines": {
    "node": "22"
  },
  "main": "lib/index.js",
  "dependencies": {
    "axios": "^1.13.2",
    "firebase-admin": "^12.6.0",
    "firebase-functions": "^6.0.1"
  },
  "devDependencies": {
    "@typescript-eslint/eslint-plugin": "^5.12.0",
    "@typescript-eslint/parser": "^5.12.0",
    "eslint": "^8.9.0",
    "eslint-config-google": "^0.14.0",
    "eslint-plugin-import": "^2.25.4",
    "firebase-functions-test": "^3.1.0",
    "typescript": "^5.7.3"
  },
  "private": true
}
[debug] [2025-11-18T16:29:34.876Z] Building nodejs source
[debug] [2025-11-18T16:29:34.877Z] Failed to find version of module node: reached end of search path C:\Users\antho\Downloads\web3\projet2025\projet-web3\backend\functions\node_modules
[info] +  functions: Using node@22 from host. 
[info] i  functions: Loaded environment variables from .env. 
[debug] [2025-11-18T16:29:34.891Z] Could not find functions.yaml. Must use http discovery
[debug] [2025-11-18T16:29:34.915Z] Found firebase-functions binary at 'C:\Users\antho\Downloads\web3\projet2025\projet-web3\backend\functions\node_modules\.bin\firebase-functions'
[info] Serving at port 8441

[debug] [2025-11-18T16:29:36.328Z] Got response from /__/functions.yaml {"endpoints":{"api":{"availableMemoryMb":null,"timeoutSeconds":null,"minInstances":null,"maxInstances":null,"ingressSettings":null,"concurrency":null,"serviceAccountEmail":null,"vpc":null,"platform":"gcfv2","labels":{},"httpsTrigger":{},"entryPoint":"api"},"eurApi":{"availableMemoryMb":null,"timeoutSeconds":null,"minInstances":null,"maxInstances":null,"ingressSettings":null,"concurrency":null,"serviceAccountEmail":null,"vpc":null,"platform":"gcfv2","labels":{},"httpsTrigger":{},"entryPoint":"eurApi"}},"specVersion":"v1alpha1","requiredAPIs":[],"extensions":{}}
[debug] [2025-11-18T16:29:40.396Z] defaultcredentials: writing to file C:\Users\antho\AppData\Roaming\firebase\anthony_de.vreese22_gmail.com_application_default_credentials.json
[debug] [2025-11-18T16:29:40.397Z] Setting GAC to C:\Users\antho\AppData\Roaming\firebase\anthony_de.vreese22_gmail.com_application_default_credentials.json {"metadata":{"emulator":{"name":"functions"},"message":"Setting GAC to C:\\Users\\antho\\AppData\\Roaming\\firebase\\anthony_de.vreese22_gmail.com_application_default_credentials.json"}}
[info] +  functions: Loaded functions definitions from source: api, eurApi. {"metadata":{"emulator":{"name":"functions"},"message":"Loaded functions definitions from source: api, eurApi."}}
[info] +  functions[us-central1-api]: http function initialized (http://127.0.0.1:5001/news-app-api-vinci/us-central1/api). {"metadata":{"emulator":{"name":"functions"},"message":"\u001b[1mhttp\u001b[22m function initialized (http://127.0.0.1:5001/news-app-api-vinci/us-central1/api)."}}
[info] +  functions[us-central1-eurApi]: http function initialized (http://127.0.0.1:5001/news-app-api-vinci/us-central1/eurApi). {"metadata":{"emulator":{"name":"functions"},"message":"\u001b[1mhttp\u001b[22m function initialized (http://127.0.0.1:5001/news-app-api-vinci/us-central1/eurApi)."}}
[debug] [2025-11-18T16:29:40.422Z] Could not find VSCode notification endpoint: FetchError: request to http://localhost:40001/vscode/notify failed, reason: . If you are not running the Firebase Data Connect VSCode extension, this is expected and not an issue.
[info] 
┌─────────────────────────────────────────────────────────────┐
│ ✔  All emulators ready! It is now safe to connect your app. │
│ i  View Emulator UI at http://127.0.0.1:4000/               │
└─────────────────────────────────────────────────────────────┘

┌────────────┬────────────────┬──────────────────────────────────┐
│ Emulator   │ Host:Port      │ View in Emulator UI              │
├────────────┼────────────────┼──────────────────────────────────┤
│ Functions  │ 127.0.0.1:5001 │ http://127.0.0.1:4000/functions  │
├────────────┼────────────────┼──────────────────────────────────┤
│ Firestore  │ 127.0.0.1:9099 │ http://127.0.0.1:4000/firestore  │
├────────────┼────────────────┼──────────────────────────────────┤
│ Extensions │ 127.0.0.1:5001 │ http://127.0.0.1:4000/extensions │
└────────────┴────────────────┴──────────────────────────────────┘
  Emulator Hub host: 127.0.0.1 port: 4400
  Other reserved ports: 4500, 9150
┌─────────────────────────┬───────────────┬─────────────────────┐
│ Extension Instance Name │ Extension Ref │ View in Emulator UI │
└─────────────────────────┴───────────────┴─────────────────────┘
Issues? Report them at https://github.com/firebase/firebase-tools/issues and attach the *-debug.log files.
 
[warn] !  emulators: firebase-tools will drop support for Java version < 21 soon in firebase-tools@15. Please install a JDK at version 21 or above to get a compatible runtime. 
[debug] [2025-11-18T16:29:42.816Z] [work-queue] {"queuedWork":["/news-app-api-vinci/us-central1/testFirestore-2025-11-18T16:29:42.816Z"],"queueLength":1,"runningWork":[],"workRunningCount":0}
[debug] [2025-11-18T16:29:42.816Z] [work-queue] {"queuedWork":[],"queueLength":0,"runningWork":["/news-app-api-vinci/us-central1/testFirestore-2025-11-18T16:29:42.816Z"],"workRunningCount":1}
[debug] [2025-11-18T16:29:42.824Z] [work-queue] {"queuedWork":[],"queueLength":0,"runningWork":[],"workRunningCount":0}
[debug] [2025-11-18T16:30:25.154Z] [work-queue] {"queuedWork":["/news-app-api-vinci/us-central1/testFirestore-2025-11-18T16:30:25.154Z"],"queueLength":1,"runningWork":[],"workRunningCount":0}
[debug] [2025-11-18T16:30:25.154Z] [work-queue] {"queuedWork":[],"queueLength":0,"runningWork":["/news-app-api-vinci/us-central1/testFirestore-2025-11-18T16:30:25.154Z"],"workRunningCount":1}
[debug] [2025-11-18T16:30:25.156Z] [work-queue] {"queuedWork":[],"queueLength":0,"runningWork":[],"workRunningCount":0}
[debug] [2025-11-18T16:30:32.023Z] [work-queue] {"queuedWork":["/news-app-api-vinci/us-central1/testFirestore-2025-11-18T16:30:32.023Z"],"queueLength":1,"runningWork":[],"workRunningCount":0}
[debug] [2025-11-18T16:30:32.023Z] [work-queue] {"queuedWork":[],"queueLength":0,"runningWork":["/news-app-api-vinci/us-central1/testFirestore-2025-11-18T16:30:32.023Z"],"workRunningCount":1}
[debug] [2025-11-18T16:30:32.025Z] [work-queue] {"queuedWork":[],"queueLength":0,"runningWork":[],"workRunningCount":0}
[debug] [2025-11-18T16:30:59.107Z] [work-queue] {"queuedWork":["/news-app-api-vinci/us-central1/testFirestore-2025-11-18T16:30:59.107Z"],"queueLength":1,"runningWork":[],"workRunningCount":0}
[debug] [2025-11-18T16:30:59.108Z] [work-queue] {"queuedWork":[],"queueLength":0,"runningWork":["/news-app-api-vinci/us-central1/testFirestore-2025-11-18T16:30:59.107Z"],"workRunningCount":1}
[debug] [2025-11-18T16:30:59.110Z] [work-queue] {"queuedWork":[],"queueLength":0,"runningWork":[],"workRunningCount":0}
[debug] [2025-11-18T16:31:51.914Z] [work-queue] {"queuedWork":["/news-app-api-vinci/us-central1/testFirestore-2025-11-18T16:31:51.911Z"],"queueLength":1,"runningWork":[],"workRunningCount":0}
[debug] [2025-11-18T16:31:51.922Z] [work-queue] {"queuedWork":[],"queueLength":0,"runningWork":["/news-app-api-vinci/us-central1/testFirestore-2025-11-18T16:31:51.911Z"],"workRunningCount":1}
[debug] [2025-11-18T16:31:51.935Z] [work-queue] {"queuedWork":[],"queueLength":0,"runningWork":[],"workRunningCount":0}
[debug] [2025-11-18T16:32:54.102Z] [work-queue] {"queuedWork":["/news-app-api-vinci/us-central1/api/api/health-2025-11-18T16:32:54.102Z"],"queueLength":1,"runningWork":[],"workRunningCount":0}
[debug] [2025-11-18T16:32:54.103Z] [work-queue] {"queuedWork":[],"queueLength":0,"runningWork":["/news-app-api-vinci/us-central1/api/api/health-2025-11-18T16:32:54.102Z"],"workRunningCount":1}
[debug] [2025-11-18T16:32:54.107Z] Accepted request GET /news-app-api-vinci/us-central1/api/api/health --> us-central1-api
[debug] [2025-11-18T16:32:54.153Z] [functions] Runtime ready! Sending request! {"metadata":{"emulator":{"name":"functions"},"message":"[functions] Runtime ready! Sending request!"}}
[debug] [2025-11-18T16:32:54.155Z] [functions] Got req.url=/news-app-api-vinci/us-central1/api/api/health, mapping to path=/api/health {"metadata":{"emulator":{"name":"functions"},"message":"[functions] Got req.url=/news-app-api-vinci/us-central1/api/api/health, mapping to path=/api/health"}}
[info] i  functions: Loaded environment variables from .env. 
[debug] [2025-11-18T16:32:54.201Z] [worker-pool] addWorker(us-central1-api) {"metadata":{"emulator":{"name":"functions"},"message":"[worker-pool] addWorker(us-central1-api)"}}
[debug] [2025-11-18T16:32:54.205Z] [worker-pool] Adding worker with key us-central1-api, total=1 {"metadata":{"emulator":{"name":"functions"},"message":"[worker-pool] Adding worker with key us-central1-api, total=1"}}
[debug] [2025-11-18T16:32:56.345Z] [runtime-status] [20160] Resolved module firebase-admin {"declared":true,"installed":true,"version":"12.7.0","resolution":"C:\\Users\\antho\\Downloads\\web3\\projet2025\\projet-web3\\backend\\functions\\node_modules\\firebase-admin\\lib\\index.js"} {"metadata":{"emulator":{"name":"functions"},"function":{"name":"us-central1-api"},"extension":{},"message":"[runtime-status] [20160] Resolved module firebase-admin {\"declared\":true,\"installed\":true,\"version\":\"12.7.0\",\"resolution\":\"C:\\\\Users\\\\antho\\\\Downloads\\\\web3\\\\projet2025\\\\projet-web3\\\\backend\\\\functions\\\\node_modules\\\\firebase-admin\\\\lib\\\\index.js\"}"}}
[debug] [2025-11-18T16:32:56.345Z] [runtime-status] [20160] Resolved module firebase-functions {"declared":true,"installed":true,"version":"6.6.0","resolution":"C:\\Users\\antho\\Downloads\\web3\\projet2025\\projet-web3\\backend\\functions\\node_modules\\firebase-functions\\lib\\v2\\index.js"} {"metadata":{"emulator":{"name":"functions"},"function":{"name":"us-central1-api"},"extension":{},"message":"[runtime-status] [20160] Resolved module firebase-functions {\"declared\":true,\"installed\":true,\"version\":\"6.6.0\",\"resolution\":\"C:\\\\Users\\\\antho\\\\Downloads\\\\web3\\\\projet2025\\\\projet-web3\\\\backend\\\\functions\\\\node_modules\\\\firebase-functions\\\\lib\\\\v2\\\\index.js\"}"}}
[debug] [2025-11-18T16:32:56.346Z] [runtime-status] [20160] Outgoing network have been stubbed. [{"name":"http","status":"mocked"},{"name":"http","status":"mocked"},{"name":"https","status":"mocked"},{"name":"https","status":"mocked"},{"name":"net","status":"mocked"}] {"metadata":{"emulator":{"name":"functions"},"function":{"name":"us-central1-api"},"extension":{},"message":"[runtime-status] [20160] Outgoing network have been stubbed. [{\"name\":\"http\",\"status\":\"mocked\"},{\"name\":\"http\",\"status\":\"mocked\"},{\"name\":\"https\",\"status\":\"mocked\"},{\"name\":\"https\",\"status\":\"mocked\"},{\"name\":\"net\",\"status\":\"mocked\"}]"}}
[debug] [2025-11-18T16:32:56.347Z] [runtime-status] [20160] Resolved module firebase-functions {"declared":true,"installed":true,"version":"6.6.0","resolution":"C:\\Users\\antho\\Downloads\\web3\\projet2025\\projet-web3\\backend\\functions\\node_modules\\firebase-functions\\lib\\v2\\index.js"} {"metadata":{"emulator":{"name":"functions"},"function":{"name":"us-central1-api"},"extension":{},"message":"[runtime-status] [20160] Resolved module firebase-functions {\"declared\":true,\"installed\":true,\"version\":\"6.6.0\",\"resolution\":\"C:\\\\Users\\\\antho\\\\Downloads\\\\web3\\\\projet2025\\\\projet-web3\\\\backend\\\\functions\\\\node_modules\\\\firebase-functions\\\\lib\\\\v2\\\\index.js\"}"}}
[debug] [2025-11-18T16:32:57.085Z] [runtime-status] [20160] Checked functions.config() {"config":{}} {"metadata":{"emulator":{"name":"functions"},"function":{"name":"us-central1-api"},"extension":{},"message":"[runtime-status] [20160] Checked functions.config() {\"config\":{}}"}}
[debug] [2025-11-18T16:32:57.085Z] [runtime-status] [20160] firebase-functions has been stubbed. {"functionsResolution":{"declared":true,"installed":true,"version":"6.6.0","resolution":"C:\\Users\\antho\\Downloads\\web3\\projet2025\\projet-web3\\backend\\functions\\node_modules\\firebase-functions\\lib\\v2\\index.js"}} {"metadata":{"emulator":{"name":"functions"},"function":{"name":"us-central1-api"},"extension":{},"message":"[runtime-status] [20160] firebase-functions has been stubbed. {\"functionsResolution\":{\"declared\":true,\"installed\":true,\"version\":\"6.6.0\",\"resolution\":\"C:\\\\Users\\\\antho\\\\Downloads\\\\web3\\\\projet2025\\\\projet-web3\\\\backend\\\\functions\\\\node_modules\\\\firebase-functions\\\\lib\\\\v2\\\\index.js\"}}"}}
[debug] [2025-11-18T16:32:57.086Z] [runtime-status] [20160] Resolved module firebase-functions {"declared":true,"installed":true,"version":"6.6.0","resolution":"C:\\Users\\antho\\Downloads\\web3\\projet2025\\projet-web3\\backend\\functions\\node_modules\\firebase-functions\\lib\\v2\\index.js"} {"metadata":{"emulator":{"name":"functions"},"function":{"name":"us-central1-api"},"extension":{},"message":"[runtime-status] [20160] Resolved module firebase-functions {\"declared\":true,\"installed\":true,\"version\":\"6.6.0\",\"resolution\":\"C:\\\\Users\\\\antho\\\\Downloads\\\\web3\\\\projet2025\\\\projet-web3\\\\backend\\\\functions\\\\node_modules\\\\firebase-functions\\\\lib\\\\v2\\\\index.js\"}"}}
[debug] [2025-11-18T16:32:57.097Z] [runtime-status] [20160] Resolved module firebase-admin {"declared":true,"installed":true,"version":"12.7.0","resolution":"C:\\Users\\antho\\Downloads\\web3\\projet2025\\projet-web3\\backend\\functions\\node_modules\\firebase-admin\\lib\\index.js"} {"metadata":{"emulator":{"name":"functions"},"function":{"name":"us-central1-api"},"extension":{},"message":"[runtime-status] [20160] Resolved module firebase-admin {\"declared\":true,\"installed\":true,\"version\":\"12.7.0\",\"resolution\":\"C:\\\\Users\\\\antho\\\\Downloads\\\\web3\\\\projet2025\\\\projet-web3\\\\backend\\\\functions\\\\node_modules\\\\firebase-admin\\\\lib\\\\index.js\"}"}}
[debug] [2025-11-18T16:32:57.101Z] [runtime-status] [20160] Resolved module firebase-functions {"declared":true,"installed":true,"version":"6.6.0","resolution":"C:\\Users\\antho\\Downloads\\web3\\projet2025\\projet-web3\\backend\\functions\\node_modules\\firebase-functions\\lib\\v2\\index.js"} {"metadata":{"emulator":{"name":"functions"},"function":{"name":"us-central1-api"},"extension":{},"message":"[runtime-status] [20160] Resolved module firebase-functions {\"declared\":true,\"installed\":true,\"version\":\"6.6.0\",\"resolution\":\"C:\\\\Users\\\\antho\\\\Downloads\\\\web3\\\\projet2025\\\\projet-web3\\\\backend\\\\functions\\\\node_modules\\\\firebase-functions\\\\lib\\\\v2\\\\index.js\"}"}}
[debug] [2025-11-18T16:32:57.102Z] [runtime-status] [20160] firebase-admin has been stubbed. {"adminResolution":{"declared":true,"installed":true,"version":"12.7.0","resolution":"C:\\Users\\antho\\Downloads\\web3\\projet2025\\projet-web3\\backend\\functions\\node_modules\\firebase-admin\\lib\\index.js"}} {"metadata":{"emulator":{"name":"functions"},"function":{"name":"us-central1-api"},"extension":{},"message":"[runtime-status] [20160] firebase-admin has been stubbed. {\"adminResolution\":{\"declared\":true,\"installed\":true,\"version\":\"12.7.0\",\"resolution\":\"C:\\\\Users\\\\antho\\\\Downloads\\\\web3\\\\projet2025\\\\projet-web3\\\\backend\\\\functions\\\\node_modules\\\\firebase-admin\\\\lib\\\\index.js\"}}"}}
[debug] [2025-11-18T16:32:57.401Z] [runtime-status] [20160] initializeApp(DEFAULT) {"storageBucket":"news-app-api-vinci.firebasestorage.app","projectId":"news-app-api-vinci"} {"metadata":{"emulator":{"name":"functions"},"function":{"name":"us-central1-api"},"extension":{},"message":"[runtime-status] [20160] initializeApp(DEFAULT) {\"storageBucket\":\"news-app-api-vinci.firebasestorage.app\",\"projectId\":\"news-app-api-vinci\"}"}}
[debug] [2025-11-18T16:32:57.416Z] [runtime-status] [20160] Functions runtime initialized. {"cwd":"C:\\Users\\antho\\Downloads\\web3\\projet2025\\projet-web3\\backend\\functions","node_version":"22.18.0"} {"metadata":{"emulator":{"name":"functions"},"function":{"name":"us-central1-api"},"extension":{},"message":"[runtime-status] [20160] Functions runtime initialized. {\"cwd\":\"C:\\\\Users\\\\antho\\\\Downloads\\\\web3\\\\projet2025\\\\projet-web3\\\\backend\\\\functions\",\"node_version\":\"22.18.0\"}"}}
[debug] [2025-11-18T16:32:57.416Z] [runtime-status] [20160] Listening to port: \\?\pipe\fire_emu_bf014834f7cdfb8b {"metadata":{"emulator":{"name":"functions"},"function":{"name":"us-central1-api"},"extension":{},"message":"[runtime-status] [20160] Listening to port: \\\\?\\pipe\\fire_emu_bf014834f7cdfb8b"}}
[debug] [2025-11-18T16:32:57.508Z] [worker-us-central1-api-b99769ad-0911-4578-9274-c99a8231f60f]: IDLE {"metadata":{"emulator":{"name":"functions"},"function":{"name":"us-central1-api"},"extension":{},"message":"[worker-us-central1-api-b99769ad-0911-4578-9274-c99a8231f60f]: IDLE"}}
[debug] [2025-11-18T16:32:57.508Z] [worker-pool] submitRequest(triggerId=us-central1-api) {"metadata":{"emulator":{"name":"functions"},"message":"[worker-pool] submitRequest(triggerId=us-central1-api)"}}
[info] i  functions: Beginning execution of "us-central1-api" {"metadata":{"emulator":{"name":"functions"},"function":{"name":"us-central1-api"},"extension":{},"message":"Beginning execution of \"us-central1-api\""}}
[debug] [2025-11-18T16:32:57.510Z] [worker-us-central1-api-b99769ad-0911-4578-9274-c99a8231f60f]: BUSY {"metadata":{"emulator":{"name":"functions"},"function":{"name":"us-central1-api"},"extension":{},"message":"[worker-us-central1-api-b99769ad-0911-4578-9274-c99a8231f60f]: BUSY"}}
[debug] [2025-11-18T16:32:57.520Z] Finishing up request with event=pause {"metadata":{"emulator":{"name":"functions"},"function":{"name":"us-central1-api"},"extension":{},"message":"Finishing up request with event=pause"}}
[info] i  functions: Finished "us-central1-api" in 11.7625ms {"metadata":{"emulator":{"name":"functions"},"function":{"name":"us-central1-api"},"extension":{},"message":"Finished \"us-central1-api\" in 11.7625ms"}}
[debug] [2025-11-18T16:32:57.522Z] [worker-us-central1-api-b99769ad-0911-4578-9274-c99a8231f60f]: IDLE {"metadata":{"emulator":{"name":"functions"},"function":{"name":"us-central1-api"},"extension":{},"message":"[worker-us-central1-api-b99769ad-0911-4578-9274-c99a8231f60f]: IDLE"}}
[debug] [2025-11-18T16:32:57.522Z] Finishing up request with event=finish {"metadata":{"emulator":{"name":"functions"},"function":{"name":"us-central1-api"},"extension":{},"message":"Finishing up request with event=finish"}}
[debug] [2025-11-18T16:32:57.523Z] Finishing up request with event=close {"metadata":{"emulator":{"name":"functions"},"function":{"name":"us-central1-api"},"extension":{},"message":"Finishing up request with event=close"}}
[debug] [2025-11-18T16:32:57.523Z] [work-queue] {"queuedWork":[],"queueLength":0,"runningWork":[],"workRunningCount":0}
[debug] [2025-11-18T16:34:15.398Z] File C:\Users\antho\Downloads\web3\projet2025\projet-web3\backend\functions\src\index.ts changed, reloading triggers {"metadata":{"emulator":{"name":"functions"},"message":"File C:\\Users\\antho\\Downloads\\web3\\projet2025\\projet-web3\\backend\\functions\\src\\index.ts changed, reloading triggers"}}
[debug] [2025-11-18T16:34:16.416Z] Validating nodejs source
[warn] !  functions: package.json indicates an outdated version of firebase-functions. Please upgrade using npm install --save firebase-functions@latest in your functions directory. 
[warn] !  functions: Please note that there will be breaking changes when you upgrade. 
[debug] [2025-11-18T16:34:17.944Z] > [functions] package.json contents: {
  "name": "functions",
  "scripts": {
    "lint": "eslint --ext .js,.ts .",
    "build": "tsc",
    "build:watch": "tsc --watch",
    "serve": "npm run build && firebase emulators:start --only functions",
    "shell": "npm run build && firebase functions:shell",
    "start": "npm run shell",
    "deploy": "firebase deploy --only functions",
    "logs": "firebase functions:log"
  },
  "engines": {
    "node": "22"
  },
  "main": "lib/index.js",
  "dependencies": {
    "axios": "^1.13.2",
    "firebase-admin": "^12.6.0",
    "firebase-functions": "^6.0.1"
  },
  "devDependencies": {
    "@typescript-eslint/eslint-plugin": "^5.12.0",
    "@typescript-eslint/parser": "^5.12.0",
    "eslint": "^8.9.0",
    "eslint-config-google": "^0.14.0",
    "eslint-plugin-import": "^2.25.4",
    "firebase-functions-test": "^3.1.0",
    "typescript": "^5.7.3"
  },
  "private": true
}
[debug] [2025-11-18T16:34:17.944Z] Building nodejs source
[debug] [2025-11-18T16:34:17.944Z] Failed to find version of module node: reached end of search path C:\Users\antho\Downloads\web3\projet2025\projet-web3\backend\functions\node_modules
[info] +  functions: Using node@22 from host. 
[info] i  functions: Loaded environment variables from .env. 
[debug] [2025-11-18T16:34:17.949Z] Could not find functions.yaml. Must use http discovery
[debug] [2025-11-18T16:34:17.967Z] Found firebase-functions binary at 'C:\Users\antho\Downloads\web3\projet2025\projet-web3\backend\functions\node_modules\.bin\firebase-functions'
[debug] [2025-11-18T16:34:17.976Z] File C:\Users\antho\Downloads\web3\projet2025\projet-web3\backend\functions\src\index.ts changed, reloading triggers {"metadata":{"emulator":{"name":"functions"},"message":"File C:\\Users\\antho\\Downloads\\web3\\projet2025\\projet-web3\\backend\\functions\\src\\index.ts changed, reloading triggers"}}
[info] Serving at port 8188

[debug] [2025-11-18T16:34:18.947Z] Got response from /__/functions.yaml {"endpoints":{"api":{"availableMemoryMb":null,"timeoutSeconds":null,"minInstances":null,"maxInstances":null,"ingressSettings":null,"concurrency":null,"serviceAccountEmail":null,"vpc":null,"platform":"gcfv2","labels":{},"httpsTrigger":{},"entryPoint":"api"},"eurApi":{"availableMemoryMb":null,"timeoutSeconds":null,"minInstances":null,"maxInstances":null,"ingressSettings":null,"concurrency":null,"serviceAccountEmail":null,"vpc":null,"platform":"gcfv2","labels":{},"httpsTrigger":{},"entryPoint":"eurApi"}},"specVersion":"v1alpha1","requiredAPIs":[],"extensions":{}}
[debug] [2025-11-18T16:34:18.984Z] Validating nodejs source
[warn] !  functions: package.json indicates an outdated version of firebase-functions. Please upgrade using npm install --save firebase-functions@latest in your functions directory. 
[warn] !  functions: Please note that there will be breaking changes when you upgrade. 
[debug] [2025-11-18T16:34:20.029Z] > [functions] package.json contents: {
  "name": "functions",
  "scripts": {
    "lint": "eslint --ext .js,.ts .",
    "build": "tsc",
    "build:watch": "tsc --watch",
    "serve": "npm run build && firebase emulators:start --only functions",
    "shell": "npm run build && firebase functions:shell",
    "start": "npm run shell",
    "deploy": "firebase deploy --only functions",
    "logs": "firebase functions:log"
  },
  "engines": {
    "node": "22"
  },
  "main": "lib/index.js",
  "dependencies": {
    "axios": "^1.13.2",
    "firebase-admin": "^12.6.0",
    "firebase-functions": "^6.0.1"
  },
  "devDependencies": {
    "@typescript-eslint/eslint-plugin": "^5.12.0",
    "@typescript-eslint/parser": "^5.12.0",
    "eslint": "^8.9.0",
    "eslint-config-google": "^0.14.0",
    "eslint-plugin-import": "^2.25.4",
    "firebase-functions-test": "^3.1.0",
    "typescript": "^5.7.3"
  },
  "private": true
}
[debug] [2025-11-18T16:34:20.030Z] Building nodejs source
[debug] [2025-11-18T16:34:20.030Z] Failed to find version of module node: reached end of search path C:\Users\antho\Downloads\web3\projet2025\projet-web3\backend\functions\node_modules
[info] +  functions: Using node@22 from host. 
[info] i  functions: Loaded environment variables from .env. 
[debug] [2025-11-18T16:34:20.032Z] Could not find functions.yaml. Must use http discovery
[debug] [2025-11-18T16:34:20.039Z] Found firebase-functions binary at 'C:\Users\antho\Downloads\web3\projet2025\projet-web3\backend\functions\node_modules\.bin\firebase-functions'
[info] Serving at port 8337

[debug] [2025-11-18T16:34:21.122Z] Got response from /__/functions.yaml {"endpoints":{"api":{"availableMemoryMb":null,"timeoutSeconds":null,"minInstances":null,"maxInstances":null,"ingressSettings":null,"concurrency":null,"serviceAccountEmail":null,"vpc":null,"platform":"gcfv2","labels":{},"httpsTrigger":{},"entryPoint":"api"},"eurApi":{"availableMemoryMb":null,"timeoutSeconds":null,"minInstances":null,"maxInstances":null,"ingressSettings":null,"concurrency":null,"serviceAccountEmail":null,"vpc":null,"platform":"gcfv2","labels":{},"httpsTrigger":{},"entryPoint":"eurApi"}},"specVersion":"v1alpha1","requiredAPIs":[],"extensions":{}}
[debug] [2025-11-18T16:34:22.999Z] defaultcredentials: writing to file C:\Users\antho\AppData\Roaming\firebase\anthony_de.vreese22_gmail.com_application_default_credentials.json
[debug] [2025-11-18T16:34:23.001Z] Setting GAC to C:\Users\antho\AppData\Roaming\firebase\anthony_de.vreese22_gmail.com_application_default_credentials.json {"metadata":{"emulator":{"name":"functions"},"message":"Setting GAC to C:\\Users\\antho\\AppData\\Roaming\\firebase\\anthony_de.vreese22_gmail.com_application_default_credentials.json"}}
[info] +  functions: Loaded functions definitions from source: api, eurApi. {"metadata":{"emulator":{"name":"functions"},"message":"Loaded functions definitions from source: api, eurApi."}}
[debug] [2025-11-18T16:34:23.003Z] [worker-pool] Shutting down IDLE worker (us-central1-api) {"metadata":{"emulator":{"name":"functions"},"message":"[worker-pool] Shutting down IDLE worker (us-central1-api)"}}
[debug] [2025-11-18T16:34:23.004Z] [worker-us-central1-api-b99769ad-0911-4578-9274-c99a8231f60f]: FINISHING {"metadata":{"emulator":{"name":"functions"},"function":{"name":"us-central1-api"},"extension":{},"message":"[worker-us-central1-api-b99769ad-0911-4578-9274-c99a8231f60f]: FINISHING"}}
[debug] [2025-11-18T16:34:23.021Z] [worker-us-central1-api-b99769ad-0911-4578-9274-c99a8231f60f]: exited {"metadata":{"emulator":{"name":"functions"},"function":{"name":"us-central1-api"},"extension":{},"message":"[worker-us-central1-api-b99769ad-0911-4578-9274-c99a8231f60f]: exited"}}
[debug] [2025-11-18T16:34:23.021Z] [worker-us-central1-api-b99769ad-0911-4578-9274-c99a8231f60f]: FINISHED {"metadata":{"emulator":{"name":"functions"},"function":{"name":"us-central1-api"},"extension":{},"message":"[worker-us-central1-api-b99769ad-0911-4578-9274-c99a8231f60f]: FINISHED"}}
[debug] [2025-11-18T16:34:25.162Z] defaultcredentials: writing to file C:\Users\antho\AppData\Roaming\firebase\anthony_de.vreese22_gmail.com_application_default_credentials.json
[debug] [2025-11-18T16:34:25.164Z] Setting GAC to C:\Users\antho\AppData\Roaming\firebase\anthony_de.vreese22_gmail.com_application_default_credentials.json {"metadata":{"emulator":{"name":"functions"},"message":"Setting GAC to C:\\Users\\antho\\AppData\\Roaming\\firebase\\anthony_de.vreese22_gmail.com_application_default_credentials.json"}}
[info] +  functions: Loaded functions definitions from source: api, eurApi. {"metadata":{"emulator":{"name":"functions"},"message":"Loaded functions definitions from source: api, eurApi."}}
[debug] [2025-11-18T16:34:32.438Z] [work-queue] {"queuedWork":["/news-app-api-vinci/us-central1/api/api/news-2025-11-18T16:34:32.438Z"],"queueLength":1,"runningWork":[],"workRunningCount":0}
[debug] [2025-11-18T16:34:32.439Z] [work-queue] {"queuedWork":[],"queueLength":0,"runningWork":["/news-app-api-vinci/us-central1/api/api/news-2025-11-18T16:34:32.438Z"],"workRunningCount":1}
[debug] [2025-11-18T16:34:32.439Z] Accepted request GET /news-app-api-vinci/us-central1/api/api/news --> us-central1-api
[debug] [2025-11-18T16:34:32.445Z] [functions] Runtime ready! Sending request! {"metadata":{"emulator":{"name":"functions"},"message":"[functions] Runtime ready! Sending request!"}}
[debug] [2025-11-18T16:34:32.446Z] [functions] Got req.url=/news-app-api-vinci/us-central1/api/api/news, mapping to path=/api/news {"metadata":{"emulator":{"name":"functions"},"message":"[functions] Got req.url=/news-app-api-vinci/us-central1/api/api/news, mapping to path=/api/news"}}
[debug] [2025-11-18T16:34:32.446Z] [worker-pool] Cleaned up workers for us-central1-api: 1 --> 0 {"metadata":{"emulator":{"name":"functions"},"message":"[worker-pool] Cleaned up workers for us-central1-api: 1 --> 0"}}
[info] i  functions: Loaded environment variables from .env. 
[debug] [2025-11-18T16:34:32.453Z] [worker-pool] addWorker(us-central1-api) {"metadata":{"emulator":{"name":"functions"},"message":"[worker-pool] addWorker(us-central1-api)"}}
[debug] [2025-11-18T16:34:32.454Z] [worker-pool] Adding worker with key us-central1-api, total=1 {"metadata":{"emulator":{"name":"functions"},"message":"[worker-pool] Adding worker with key us-central1-api, total=1"}}
[debug] [2025-11-18T16:34:33.940Z] [runtime-status] [13856] Resolved module firebase-admin {"declared":true,"installed":true,"version":"12.7.0","resolution":"C:\\Users\\antho\\Downloads\\web3\\projet2025\\projet-web3\\backend\\functions\\node_modules\\firebase-admin\\lib\\index.js"} {"metadata":{"emulator":{"name":"functions"},"function":{"name":"us-central1-api"},"extension":{},"message":"[runtime-status] [13856] Resolved module firebase-admin {\"declared\":true,\"installed\":true,\"version\":\"12.7.0\",\"resolution\":\"C:\\\\Users\\\\antho\\\\Downloads\\\\web3\\\\projet2025\\\\projet-web3\\\\backend\\\\functions\\\\node_modules\\\\firebase-admin\\\\lib\\\\index.js\"}"}}
[debug] [2025-11-18T16:34:33.942Z] [runtime-status] [13856] Resolved module firebase-functions {"declared":true,"installed":true,"version":"6.6.0","resolution":"C:\\Users\\antho\\Downloads\\web3\\projet2025\\projet-web3\\backend\\functions\\node_modules\\firebase-functions\\lib\\v2\\index.js"} {"metadata":{"emulator":{"name":"functions"},"function":{"name":"us-central1-api"},"extension":{},"message":"[runtime-status] [13856] Resolved module firebase-functions {\"declared\":true,\"installed\":true,\"version\":\"6.6.0\",\"resolution\":\"C:\\\\Users\\\\antho\\\\Downloads\\\\web3\\\\projet2025\\\\projet-web3\\\\backend\\\\functions\\\\node_modules\\\\firebase-functions\\\\lib\\\\v2\\\\index.js\"}"}}
[debug] [2025-11-18T16:34:33.942Z] [runtime-status] [13856] Outgoing network have been stubbed. [{"name":"http","status":"mocked"},{"name":"http","status":"mocked"},{"name":"https","status":"mocked"},{"name":"https","status":"mocked"},{"name":"net","status":"mocked"}] {"metadata":{"emulator":{"name":"functions"},"function":{"name":"us-central1-api"},"extension":{},"message":"[runtime-status] [13856] Outgoing network have been stubbed. [{\"name\":\"http\",\"status\":\"mocked\"},{\"name\":\"http\",\"status\":\"mocked\"},{\"name\":\"https\",\"status\":\"mocked\"},{\"name\":\"https\",\"status\":\"mocked\"},{\"name\":\"net\",\"status\":\"mocked\"}]"}}
[debug] [2025-11-18T16:34:33.943Z] [runtime-status] [13856] Resolved module firebase-functions {"declared":true,"installed":true,"version":"6.6.0","resolution":"C:\\Users\\antho\\Downloads\\web3\\projet2025\\projet-web3\\backend\\functions\\node_modules\\firebase-functions\\lib\\v2\\index.js"} {"metadata":{"emulator":{"name":"functions"},"function":{"name":"us-central1-api"},"extension":{},"message":"[runtime-status] [13856] Resolved module firebase-functions {\"declared\":true,\"installed\":true,\"version\":\"6.6.0\",\"resolution\":\"C:\\\\Users\\\\antho\\\\Downloads\\\\web3\\\\projet2025\\\\projet-web3\\\\backend\\\\functions\\\\node_modules\\\\firebase-functions\\\\lib\\\\v2\\\\index.js\"}"}}
[debug] [2025-11-18T16:34:34.431Z] [runtime-status] [13856] Checked functions.config() {"config":{}} {"metadata":{"emulator":{"name":"functions"},"function":{"name":"us-central1-api"},"extension":{},"message":"[runtime-status] [13856] Checked functions.config() {\"config\":{}}"}}
[debug] [2025-11-18T16:34:34.431Z] [runtime-status] [13856] firebase-functions has been stubbed. {"functionsResolution":{"declared":true,"installed":true,"version":"6.6.0","resolution":"C:\\Users\\antho\\Downloads\\web3\\projet2025\\projet-web3\\backend\\functions\\node_modules\\firebase-functions\\lib\\v2\\index.js"}} {"metadata":{"emulator":{"name":"functions"},"function":{"name":"us-central1-api"},"extension":{},"message":"[runtime-status] [13856] firebase-functions has been stubbed. {\"functionsResolution\":{\"declared\":true,\"installed\":true,\"version\":\"6.6.0\",\"resolution\":\"C:\\\\Users\\\\antho\\\\Downloads\\\\web3\\\\projet2025\\\\projet-web3\\\\backend\\\\functions\\\\node_modules\\\\firebase-functions\\\\lib\\\\v2\\\\index.js\"}}"}}
[debug] [2025-11-18T16:34:34.432Z] [runtime-status] [13856] Resolved module firebase-functions {"declared":true,"installed":true,"version":"6.6.0","resolution":"C:\\Users\\antho\\Downloads\\web3\\projet2025\\projet-web3\\backend\\functions\\node_modules\\firebase-functions\\lib\\v2\\index.js"} {"metadata":{"emulator":{"name":"functions"},"function":{"name":"us-central1-api"},"extension":{},"message":"[runtime-status] [13856] Resolved module firebase-functions {\"declared\":true,\"installed\":true,\"version\":\"6.6.0\",\"resolution\":\"C:\\\\Users\\\\antho\\\\Downloads\\\\web3\\\\projet2025\\\\projet-web3\\\\backend\\\\functions\\\\node_modules\\\\firebase-functions\\\\lib\\\\v2\\\\index.js\"}"}}
[debug] [2025-11-18T16:34:34.441Z] [runtime-status] [13856] Resolved module firebase-admin {"declared":true,"installed":true,"version":"12.7.0","resolution":"C:\\Users\\antho\\Downloads\\web3\\projet2025\\projet-web3\\backend\\functions\\node_modules\\firebase-admin\\lib\\index.js"} {"metadata":{"emulator":{"name":"functions"},"function":{"name":"us-central1-api"},"extension":{},"message":"[runtime-status] [13856] Resolved module firebase-admin {\"declared\":true,\"installed\":true,\"version\":\"12.7.0\",\"resolution\":\"C:\\\\Users\\\\antho\\\\Downloads\\\\web3\\\\projet2025\\\\projet-web3\\\\backend\\\\functions\\\\node_modules\\\\firebase-admin\\\\lib\\\\index.js\"}"}}
[debug] [2025-11-18T16:34:34.445Z] [runtime-status] [13856] Resolved module firebase-functions {"declared":true,"installed":true,"version":"6.6.0","resolution":"C:\\Users\\antho\\Downloads\\web3\\projet2025\\projet-web3\\backend\\functions\\node_modules\\firebase-functions\\lib\\v2\\index.js"} {"metadata":{"emulator":{"name":"functions"},"function":{"name":"us-central1-api"},"extension":{},"message":"[runtime-status] [13856] Resolved module firebase-functions {\"declared\":true,\"installed\":true,\"version\":\"6.6.0\",\"resolution\":\"C:\\\\Users\\\\antho\\\\Downloads\\\\web3\\\\projet2025\\\\projet-web3\\\\backend\\\\functions\\\\node_modules\\\\firebase-functions\\\\lib\\\\v2\\\\index.js\"}"}}
[debug] [2025-11-18T16:34:34.445Z] [runtime-status] [13856] firebase-admin has been stubbed. {"adminResolution":{"declared":true,"installed":true,"version":"12.7.0","resolution":"C:\\Users\\antho\\Downloads\\web3\\projet2025\\projet-web3\\backend\\functions\\node_modules\\firebase-admin\\lib\\index.js"}} {"metadata":{"emulator":{"name":"functions"},"function":{"name":"us-central1-api"},"extension":{},"message":"[runtime-status] [13856] firebase-admin has been stubbed. {\"adminResolution\":{\"declared\":true,\"installed\":true,\"version\":\"12.7.0\",\"resolution\":\"C:\\\\Users\\\\antho\\\\Downloads\\\\web3\\\\projet2025\\\\projet-web3\\\\backend\\\\functions\\\\node_modules\\\\firebase-admin\\\\lib\\\\index.js\"}}"}}
[debug] [2025-11-18T16:34:34.636Z] [runtime-status] [13856] initializeApp(DEFAULT) {"storageBucket":"news-app-api-vinci.firebasestorage.app","projectId":"news-app-api-vinci"} {"metadata":{"emulator":{"name":"functions"},"function":{"name":"us-central1-api"},"extension":{},"message":"[runtime-status] [13856] initializeApp(DEFAULT) {\"storageBucket\":\"news-app-api-vinci.firebasestorage.app\",\"projectId\":\"news-app-api-vinci\"}"}}
[debug] [2025-11-18T16:34:34.649Z] [runtime-status] [13856] Functions runtime initialized. {"cwd":"C:\\Users\\antho\\Downloads\\web3\\projet2025\\projet-web3\\backend\\functions","node_version":"22.18.0"} {"metadata":{"emulator":{"name":"functions"},"function":{"name":"us-central1-api"},"extension":{},"message":"[runtime-status] [13856] Functions runtime initialized. {\"cwd\":\"C:\\\\Users\\\\antho\\\\Downloads\\\\web3\\\\projet2025\\\\projet-web3\\\\backend\\\\functions\",\"node_version\":\"22.18.0\"}"}}
[debug] [2025-11-18T16:34:34.649Z] [runtime-status] [13856] Listening to port: \\?\pipe\fire_emu_0ae2f48c3fc8ac76 {"metadata":{"emulator":{"name":"functions"},"function":{"name":"us-central1-api"},"extension":{},"message":"[runtime-status] [13856] Listening to port: \\\\?\\pipe\\fire_emu_0ae2f48c3fc8ac76"}}
[debug] [2025-11-18T16:34:34.767Z] [worker-us-central1-api-cb51e7eb-c0ef-40db-96b2-184b6716bbdd]: IDLE {"metadata":{"emulator":{"name":"functions"},"function":{"name":"us-central1-api"},"extension":{},"message":"[worker-us-central1-api-cb51e7eb-c0ef-40db-96b2-184b6716bbdd]: IDLE"}}
[debug] [2025-11-18T16:34:34.767Z] [worker-pool] submitRequest(triggerId=us-central1-api) {"metadata":{"emulator":{"name":"functions"},"message":"[worker-pool] submitRequest(triggerId=us-central1-api)"}}
[info] i  functions: Beginning execution of "us-central1-api" {"metadata":{"emulator":{"name":"functions"},"function":{"name":"us-central1-api"},"extension":{},"message":"Beginning execution of \"us-central1-api\""}}
[debug] [2025-11-18T16:34:34.768Z] [worker-us-central1-api-cb51e7eb-c0ef-40db-96b2-184b6716bbdd]: BUSY {"metadata":{"emulator":{"name":"functions"},"function":{"name":"us-central1-api"},"extension":{},"message":"[worker-us-central1-api-cb51e7eb-c0ef-40db-96b2-184b6716bbdd]: BUSY"}}
[debug] [2025-11-18T16:34:37.224Z] Finishing up request with event=pause {"metadata":{"emulator":{"name":"functions"},"function":{"name":"us-central1-api"},"extension":{},"message":"Finishing up request with event=pause"}}
[info] i  functions: Finished "us-central1-api" in 2456.0702ms {"metadata":{"emulator":{"name":"functions"},"function":{"name":"us-central1-api"},"extension":{},"message":"Finished \"us-central1-api\" in 2456.0702ms"}}
[debug] [2025-11-18T16:34:37.225Z] [worker-us-central1-api-cb51e7eb-c0ef-40db-96b2-184b6716bbdd]: IDLE {"metadata":{"emulator":{"name":"functions"},"function":{"name":"us-central1-api"},"extension":{},"message":"[worker-us-central1-api-cb51e7eb-c0ef-40db-96b2-184b6716bbdd]: IDLE"}}
[debug] [2025-11-18T16:34:37.226Z] Finishing up request with event=finish {"metadata":{"emulator":{"name":"functions"},"function":{"name":"us-central1-api"},"extension":{},"message":"Finishing up request with event=finish"}}
[debug] [2025-11-18T16:34:37.226Z] Finishing up request with event=close {"metadata":{"emulator":{"name":"functions"},"function":{"name":"us-central1-api"},"extension":{},"message":"Finishing up request with event=close"}}
[debug] [2025-11-18T16:34:37.226Z] [work-queue] {"queuedWork":[],"queueLength":0,"runningWork":[],"workRunningCount":0}
